# JRE version: OpenJDK Runtime Environment (21.0.4) (build 21.0.4+-12508038-b607.1)
# Java VM: OpenJDK 64-Bit Server VM (21.0.4+-12508038-b607.1, mixed mode, tiered, compressed oops, compressed class ptrs, g1 gc, windows-amd64)
GC Precious Log:
 CardTable entry size: 512
 Card Set container configuration: InlinePtr #cards 5 size 8 Array Of Cards #cards 12 size 40 Howl #buckets 4 coarsen threshold 1843 Howl Bitmap #cards 512 size 80 coarsen threshold 460 Card regions per heap region 1 cards per card region 2048
 CPUs: 4 total, 4 available
 Memory: 16272M
 Large Page Support: Disabled
 NUMA Support: Disabled
 Compressed Oops: Enabled (32-bit)
 Heap Region Size: 1M
 Heap Min Capacity: 8M
 Heap Initial Capacity: 256M
 Heap Max Capacity: 2G
 Pre-touch: Disabled
 Parallel Workers: 4
 Concurrent Workers: 1
 Concurrent Refinement Workers: 4
 Periodic GC: Disabled
Heap:
 garbage-first heap   total 280576K, used 187148K [0x0000000080000000, 0x0000000100000000)
  region size 1024K, 40 young (40960K), 4 survivors (4096K)
 Metaspace       used 143902K, committed 145792K, reserved 1179648K
  class space    used 18811K, committed 20032K, reserved 1048576K
GC Heap History (20 events):
Event: 547.885 GC heap before
{Heap before GC invocations=71 (full 0):
 garbage-first heap   total 240640K, used 221033K [0x0000000080000000, 0x0000000100000000)
  region size 1024K, 86 young (88064K), 8 survivors (8192K)
 Metaspace       used 136975K, committed 139264K, reserved 1179648K
  class space    used 18596K, committed 19712K, reserved 1048576K
}
Event: 547.911 GC heap after
{Heap after GC invocations=72 (full 0):
 garbage-first heap   total 240640K, used 138678K [0x0000000080000000, 0x0000000100000000)
  region size 1024K, 10 young (10240K), 10 survivors (10240K)
 Metaspace       used 136975K, committed 139264K, reserved 1179648K
  class space    used 18596K, committed 19712K, reserved 1048576K
}
Event: 548.387 GC heap before
{Heap before GC invocations=72 (full 0):
 garbage-first heap   total 240640K, used 151990K [0x0000000080000000, 0x0000000100000000)
  region size 1024K, 25 young (25600K), 10 survivors (10240K)
 Metaspace       used 137189K, committed 139456K, reserved 1179648K
  class space    used 18597K, committed 19712K, reserved 1048576K
}
Event: 548.402 GC heap after
{Heap after GC invocations=73 (full 0):
 garbage-first heap   total 240640K, used 136862K [0x0000000080000000, 0x0000000100000000)
  region size 1024K, 4 young (4096K), 4 survivors (4096K)
 Metaspace       used 137189K, committed 139456K, reserved 1179648K
  class space    used 18597K, committed 19712K, reserved 1048576K
}
Event: 3578.131 GC heap before
{Heap before GC invocations=74 (full 0):
 garbage-first heap   total 245760K, used 225950K [0x0000000080000000, 0x0000000100000000)
  region size 1024K, 82 young (83968K), 4 survivors (4096K)
 Metaspace       used 137120K, committed 139456K, reserved 1179648K
  class space    used 18575K, committed 19712K, reserved 1048576K
}
Event: 3578.182 GC heap after
{Heap after GC invocations=75 (full 0):
 garbage-first heap   total 245760K, used 134488K [0x0000000080000000, 0x0000000100000000)
  region size 1024K, 4 young (4096K), 4 survivors (4096K)
 Metaspace       used 137120K, committed 139456K, reserved 1179648K
  class space    used 18575K, committed 19712K, reserved 1048576K
}
Event: 3582.055 GC heap before
{Heap before GC invocations=75 (full 0):
 garbage-first heap   total 245760K, used 225624K [0x0000000080000000, 0x0000000100000000)
  region size 1024K, 92 young (94208K), 4 survivors (4096K)
 Metaspace       used 138978K, committed 141312K, reserved 1179648K
  class space    used 18768K, committed 19904K, reserved 1048576K
}
Event: 3582.146 GC heap after
{Heap after GC invocations=76 (full 0):
 garbage-first heap   total 261120K, used 144869K [0x0000000080000000, 0x0000000100000000)
  region size 1024K, 12 young (12288K), 12 survivors (12288K)
 Metaspace       used 138978K, committed 141312K, reserved 1179648K
  class space    used 18768K, committed 19904K, reserved 1048576K
}
Event: 3582.679 GC heap before
{Heap before GC invocations=76 (full 0):
 garbage-first heap   total 261120K, used 162277K [0x0000000080000000, 0x0000000100000000)
  region size 1024K, 30 young (30720K), 12 survivors (12288K)
 Metaspace       used 139273K, committed 141568K, reserved 1179648K
  class space    used 18791K, committed 19904K, reserved 1048576K
}
Event: 3582.721 GC heap after
{Heap after GC invocations=77 (full 0):
 garbage-first heap   total 261120K, used 156666K [0x0000000080000000, 0x0000000100000000)
  region size 1024K, 11 young (11264K), 11 survivors (11264K)
 Metaspace       used 139273K, committed 141568K, reserved 1179648K
  class space    used 18791K, committed 19904K, reserved 1048576K
}
Event: 3613.239 GC heap before
{Heap before GC invocations=78 (full 0):
 garbage-first heap   total 280576K, used 226298K [0x0000000080000000, 0x0000000100000000)
  region size 1024K, 70 young (71680K), 11 survivors (11264K)
 Metaspace       used 139511K, committed 142080K, reserved 1179648K
  class space    used 18433K, committed 20032K, reserved 1048576K
}
Event: 3613.258 GC heap after
{Heap after GC invocations=79 (full 0):
 garbage-first heap   total 280576K, used 151485K [0x0000000080000000, 0x0000000100000000)
  region size 1024K, 6 young (6144K), 6 survivors (6144K)
 Metaspace       used 139511K, committed 142080K, reserved 1179648K
  class space    used 18433K, committed 20032K, reserved 1048576K
}
Event: 3615.411 GC heap before
{Heap before GC invocations=79 (full 0):
 garbage-first heap   total 280576K, used 241597K [0x0000000080000000, 0x0000000100000000)
  region size 1024K, 89 young (91136K), 6 survivors (6144K)
 Metaspace       used 140801K, committed 142912K, reserved 1179648K
  class space    used 18567K, committed 20032K, reserved 1048576K
}
Event: 3615.460 GC heap after
{Heap after GC invocations=80 (full 0):
 garbage-first heap   total 280576K, used 151327K [0x0000000080000000, 0x0000000100000000)
  region size 1024K, 12 young (12288K), 12 survivors (12288K)
 Metaspace       used 140801K, committed 142912K, reserved 1179648K
  class space    used 18567K, committed 20032K, reserved 1048576K
}
Event: 3617.360 GC heap before
{Heap before GC invocations=80 (full 0):
 garbage-first heap   total 280576K, used 237343K [0x0000000080000000, 0x0000000100000000)
  region size 1024K, 95 young (97280K), 12 survivors (12288K)
 Metaspace       used 142551K, committed 144512K, reserved 1179648K
  class space    used 18647K, committed 20032K, reserved 1048576K
}
Event: 3617.393 GC heap after
{Heap after GC invocations=81 (full 0):
 garbage-first heap   total 280576K, used 155136K [0x0000000080000000, 0x0000000100000000)
  region size 1024K, 10 young (10240K), 10 survivors (10240K)
 Metaspace       used 142551K, committed 144512K, reserved 1179648K
  class space    used 18647K, committed 20032K, reserved 1048576K
}
Event: 3617.785 GC heap before
{Heap before GC invocations=81 (full 0):
 garbage-first heap   total 280576K, used 171520K [0x0000000080000000, 0x0000000100000000)
  region size 1024K, 27 young (27648K), 10 survivors (10240K)
 Metaspace       used 142923K, committed 144896K, reserved 1179648K
  class space    used 18654K, committed 20032K, reserved 1048576K
}
Event: 3617.798 GC heap after
{Heap after GC invocations=82 (full 0):
 garbage-first heap   total 280576K, used 155200K [0x0000000080000000, 0x0000000100000000)
  region size 1024K, 3 young (3072K), 3 survivors (3072K)
 Metaspace       used 142923K, committed 144896K, reserved 1179648K
  class space    used 18654K, committed 20032K, reserved 1048576K
}
Event: 3866.764 GC heap before
{Heap before GC invocations=83 (full 0):
 garbage-first heap   total 280576K, used 253504K [0x0000000080000000, 0x0000000100000000)
  region size 1024K, 90 young (92160K), 3 survivors (3072K)
 Metaspace       used 143602K, committed 145536K, reserved 1179648K
  class space    used 18779K, committed 20032K, reserved 1048576K
}
Event: 3866.773 GC heap after
{Heap after GC invocations=84 (full 0):
 garbage-first heap   total 280576K, used 152332K [0x0000000080000000, 0x0000000100000000)
  region size 1024K, 4 young (4096K), 4 survivors (4096K)
 Metaspace       used 143602K, committed 145536K, reserved 1179648K
  class space    used 18779K, committed 20032K, reserved 1048576K
}

